Removed Pin From Net: NetName=NetC11_2 Pin=U1-5
Removed Pin From Net: NetName=NetC12_2 Pin=U1-6
Removed Pin From Net: NetName=NetC8_1 Pin=U1-7
Removed Pin From Net: NetName=nRST Pin=U1-18
Removed Pin From Net: NetName=BOOT1 Pin=U1-20
Removed Pin From Net: NetName=NetR5_1 Pin=U1-25
Removed Pin From Net: NetName=TCK_SWCLK Pin=U1-26
Removed Pin From Net: NetName=TCK_SWDIO Pin=U1-27
Removed Pin From Net: NetName=USB_ENUM Pin=U1-28
Removed Pin From Net: NetName=LED_RUN Pin=U1-30
Removed Pin From Net: NetName=USB_N Pin=U1-32
Removed Pin From Net: NetName=USB_P Pin=U1-33
Removed Pin From Net: NetName=SWDIO Pin=U1-34
Removed Pin From Net: NetName=SWCLK Pin=U1-37
Removed Pin From Net: NetName=LED_CON Pin=U1-42
Removed Pin From Net: NetName=BOOT0 Pin=U1-44
Change Component Comment : Designator=U2 Old Comment=STM32F103CBU6 New Comment=
Change Component Designator: OldDesignator=U2 NewDesignator=U1
Added Pin To Net: NetName=NetC11_2 Pin=U1-5
Added Pin To Net: NetName=NetC12_2 Pin=U1-6
Added Pin To Net: NetName=NetC8_1 Pin=U1-7
Added Pin To Net: NetName=nRST Pin=U1-18
Added Pin To Net: NetName=BOOT1 Pin=U1-20
Added Pin To Net: NetName=NetR5_1 Pin=U1-25
Added Pin To Net: NetName=TCK_SWCLK Pin=U1-26
Added Pin To Net: NetName=TCK_SWDIO Pin=U1-27
Added Pin To Net: NetName=USB_ENUM Pin=U1-28
Added Pin To Net: NetName=LED_RUN Pin=U1-30
Added Pin To Net: NetName=USB_N Pin=U1-32
Added Pin To Net: NetName=USB_P Pin=U1-33
Added Pin To Net: NetName=SWDIO Pin=U1-34
Added Pin To Net: NetName=SWCLK Pin=U1-37
Added Pin To Net: NetName=LED_CON Pin=U1-42
Added Pin To Net: NetName=BOOT0 Pin=U1-44
