Removed Pin From Net: NetName=USB_CONN_P Pin=D3-1
Removed Pin From Net: NetName=USB_CONN_N Pin=D3-3
Change Component Footprint: Designator=P1 Old Footprint=653104124022 New Footprint=MOLEX-53261-0471_V
Change Component Comment : Designator=P1 Old Comment=653104124022 New Comment=53261-0471
Change Managed Component Library Link : Designator=P1 Old VaultGUID=B7D15EC3-160A-466F-A46C-7801FE6295A7 New VaultGUID=B7D15EC3-160A-466F-A46C-7801FE6295A7 Old ItemGUID=2760F558-8289-4D20-A0F2-B30F6CE5D8D2 New ItemGUID=512A32AA-222A-4AAF-9A26-8623D7D1E11B Old RevisionGUID=391BB21C-A715-4BF0-8604-EB057115CE5E New RevisionGUID=B81AFE6F-EAF4-49F3-8CAB-EC35C3128B2C
Change component parameters: Designator = "P1" ("P1"); Footprint = "653104124022"; UniqueID = "\RBFEARQD" ("\RBFEARQD")
Change component parameters (AddParameter): Name = "Brand"; Value = "Molex"; VariantName = "[No Variations]"
Change component parameters (AddParameter): Name = "Contact Material"; Value = "PhosphorBronze"; VariantName = "[No Variations]"
Change component parameters (AddParameter): Name = "Contact Plating"; Value = "Tin"; VariantName = "[No Variations]"
Change component parameters (AddParameter): Name = "Current Rating"; Value = "1A"; VariantName = "[No Variations]"
Change component parameters (AddParameter): Name = "Datasheet URL"; Value = "http://www.molex.com/pdm_docs/sd/532610471_sd.pdf"; VariantName = "[No Variations]"
Change component parameters (AddParameter): Name = "Datasheet Version"; Value = "Rev. G, 01/2012"; VariantName = "[No Variations]"
Change component parameters (AddParameter): Name = "Factory Pack Quantity"; Value = "1000"; VariantName = "[No Variations]"
Change component parameters (AddParameter): Name = "Housing Material"; Value = "Thermoplastic"; VariantName = "[No Variations]"
Change component parameters (AddParameter): Name = "Manufacturer"; Value = "Molex"; VariantName = "[No Variations]"
Change component parameters (AddParameter): Name = "Manufacturer URL"; Value = "http://www.molex.com/"; VariantName = "[No Variations]"
Change component parameters (AddParameter): Name = "Mounting Angle"; Value = "Right"; VariantName = "[No Variations]"
Change component parameters (AddParameter): Name = "Mounting Style"; Value = "SMD/SMT"; VariantName = "[No Variations]"
Change component parameters (AddParameter): Name = "Number of Positions"; Value = "4"; VariantName = "[No Variations]"
Change component parameters (AddParameter): Name = "Number of Positions / Contacts"; Value = "4"; VariantName = "[No Variations]"
Change component parameters (AddParameter): Name = "Number of Rows"; Value = "1"; VariantName = "[No Variations]"
Change component parameters (AddParameter): Name = "Package Description"; Value = "1.25mm Pitch PicoBlade(TM) Header, Surface Mount, Right Angle, Lead-Free, 4 Circuits"; VariantName = "[No Variations]"
Change component parameters (AddParameter): Name = "Packaging"; Value = "Reel"; VariantName = "[No Variations]"
Change component parameters (AddParameter): Name = "Pitch"; Value = "1.25mm"; VariantName = "[No Variations]"
Change component parameters (AddParameter): Name = "Product Category"; Value = "Headers&WireHousings"; VariantName = "[No Variations]"
Change component parameters (AddParameter): Name = "Product Type"; Value = "Headers"; VariantName = "[No Variations]"
Change component parameters (AddParameter): Name = "RoHS"; Value = "Details"; VariantName = "[No Variations]"
Change component parameters (AddParameter): Name = "Series"; Value = "53261"; VariantName = "[No Variations]"
Change component parameters (AddParameter): Name = "Termination Style"; Value = "SMD"; VariantName = "[No Variations]"
Change component parameters (AddParameter): Name = "Tradename"; Value = "PicoBlade"; VariantName = "[No Variations]"
Change component parameters (AddParameter): Name = "Type"; Value = "Shrouded"; VariantName = "[No Variations]"
Change component parameters (AddParameter): Name = "Voltage Rating"; Value = "125V"; VariantName = "[No Variations]"
Added Component: Designator=R13(RESC1005X40X25LL05T05)
Add component (AddParameter): Name = "Manufacturer"; Value = "Panasonic"; VariantName = "[No Variations]"
Add component (AddParameter): Name = "Part Number"; Value = "ERJ2RKF22R0X"; VariantName = "[No Variations]"
Added Component: Designator=R14(RESC1005X40X25LL05T05)
Add component (AddParameter): Name = "Manufacturer"; Value = "Panasonic"; VariantName = "[No Variations]"
Add component (AddParameter): Name = "Part Number"; Value = "ERJ2RKF22R0X"; VariantName = "[No Variations]"
Added Pin To Net: NetName=USB_CONN_P Pin=R13-1
Added Pin To Net: NetName=USB_CONN_N Pin=R14-1
Added Pin To Net: NetName=NetD3_1 Pin=D3-1
Added Pin To Net: NetName=NetD3_1 Pin=R13-2
Added Net: Name=NetD3_1
Added Pin To Net: NetName=NetD3_3 Pin=D3-3
Added Pin To Net: NetName=NetD3_3 Pin=R14-2
Added Net: Name=NetD3_3
Add Differential Pair: Number of nets in differential pair NetD3_1 is 1 instead of 2
Add Differential Pair: Number of nets in differential pair NetD3_3 is 1 instead of 2
